[0.254s] Invoking command in '/home/jetpack/SEAME-Cluster-24-25/JetRacer/build/can_interface': CMAKE_PREFIX_PATH=/home/jetpack/SEAME-Cluster-24-25/JetRacer/install/can_interface:/home/jetpack/SEAME-Cluster-24-25/JetRacer/install/custom_msgs:/home/jetpack/SEAME-Cluster-24-25/JetRacer/install/teleop:/home/jetpack/SEAME-Cluster-24-25/JetRacer/install/oled_display:/home/jetpack/SEAME-Cluster-24-25/JetRacer/install/ssd1306_driver:/home/jetpack/SEAME-Cluster-24-25/JetRacer/install/speed_sensor:/home/jetpack/SEAME-Cluster-24-25/JetRacer/install/servo_motor:/home/jetpack/SEAME-Cluster-24-25/JetRacer/install/dc_motors:/home/jetpack/SEAME-Cluster-24-25/JetRacer/install/pca9685_driver:/home/jetpack/SEAME-Cluster-24-25/JetRacer/install/battery:/home/jetpack/SEAME-Cluster-24-25/JetRacer/install/ina219_driver:/home/jetpack/SEAME-Cluster-24-25/JetRacer/install/i2c_peripheral_stress_test:/home/jetpack/SEAME-Cluster-24-25/JetRacer/install/i2c_interface:/home/jetpack/SEAME-Cluster-24-25/JetRacer/install/display_routine:/home/jetpack/SEAME-Cluster-24-25/JetRacer/install/blinkers:/home/jetpack/SEAME-Cluster-24-25/JetRacer/install/abstract_driver:/home/jetpack/SEAME-Cluster-24-25/JetRacer/install/camera_ros:/opt/ros/jazzy/opt/gz_math_vendor:/opt/ros/jazzy/opt/gz_utils_vendor:/opt/ros/jazzy/opt/gz_cmake_vendor LD_LIBRARY_PATH=/home/jetpack/SEAME-Cluster-24-25/JetRacer/install/can_interface/lib:/home/jetpack/SEAME-Cluster-24-25/JetRacer/install/custom_msgs/lib:/home/jetpack/SEAME-Cluster-24-25/JetRacer/install/ssd1306_driver/lib:/home/jetpack/SEAME-Cluster-24-25/JetRacer/install/abstract_driver/lib:/home/jetpack/SEAME-Cluster-24-25/JetRacer/install/camera_ros/lib:/usr/local/lib/aarch64-linux-gnu/libcamera/:/home/jetpack/ros2_v4l2/install/zstd_image_transport/lib:/home/jetpack/ros2_v4l2/install/v4l2_camera/lib:/home/jetpack/ros2_v4l2/install/theora_image_transport/lib:/home/jetpack/ros2_v4l2/install/compressed_image_transport/lib:/home/jetpack/ros2_v4l2/install/compressed_depth_image_transport/lib:/home/jetpack/ros2_v4l2/install/image_transport/lib:/home/jetpack/ros2_v4l2/install/cv_bridge/lib:/home/jetpack/ros2_v4l2/install/camera_info_manager/lib:/home/jetpack/ros2_v4l2/install/camera_calibration_parsers/lib:/usr/local/lib/aarch64-linux-gnu:/usr/local/lib/aarch64-linux-gnu:/home/jetpack/SEAME-Cluster-24-25/JetRacer/install/pca9685_driver/lib:/usr/local/lib/aarch64-linux-gnu:/home/jetpack/SEAME-Cluster-24-25/JetRacer/install/ina219_driver/lib:/usr/local/lib/aarch64-linux-gnu:/usr/local/lib/aarch64-linux-gnu:/usr/local/lib/aarch64-linux-gnu:/opt/ros/jazzy/opt/rviz_ogre_vendor/lib:/usr/local/lib/aarch64-linux-gnu:/opt/ros/jazzy/lib/aarch64-linux-gnu:/usr/local/lib/aarch64-linux-gnu:/opt/ros/jazzy/opt/gz_math_vendor/lib:/usr/local/lib/aarch64-linux-gnu:/opt/ros/jazzy/opt/gz_utils_vendor/lib:/usr/local/lib/aarch64-linux-gnu:/opt/ros/jazzy/opt/gz_cmake_vendor/lib:/usr/local/lib/aarch64-linux-gnu:/opt/ros/jazzy/lib:/usr/local/lib/aarch64-linux-gnu /usr/bin/ctest -C Release -D ExperimentalTest --no-compress-output -V --force-new-ctest-process tests
[0.301s] UpdateCTestConfiguration  from :/home/jetpack/SEAME-Cluster-24-25/JetRacer/build/can_interface/CTestConfiguration.ini
[0.304s] Parse Config file:/home/jetpack/SEAME-Cluster-24-25/JetRacer/build/can_interface/CTestConfiguration.ini
[0.305s]    Site: jetpack-desktop
[0.309s]    Build name: (empty)
[0.310s]  Add coverage exclude regular expressions.
[0.311s] Create new tag: 20250106-1638 - Experimental
[0.311s] UpdateCTestConfiguration  from :/home/jetpack/SEAME-Cluster-24-25/JetRacer/build/can_interface/CTestConfiguration.ini
[0.312s] Parse Config file:/home/jetpack/SEAME-Cluster-24-25/JetRacer/build/can_interface/CTestConfiguration.ini
[0.312s] Test project /home/jetpack/SEAME-Cluster-24-25/JetRacer/build/can_interface
[0.314s] Constructing a list of tests
[0.315s] Done constructing a list of tests
[0.315s] Updating test list for fixtures
[0.316s] Added 0 tests to meet fixture requirements
[0.319s] Checking test dependency graph...
[0.320s] Checking test dependency graph end
[0.320s] test 1
[0.321s]     Start 1: can_interface_test
[0.321s] 
[0.322s] 1: Test command: /usr/bin/python3 "-u" "/opt/ros/jazzy/share/ament_cmake_test/cmake/run_test.py" "/home/jetpack/SEAME-Cluster-24-25/JetRacer/build/can_interface/test_results/can_interface/can_interface_test.gtest.xml" "--package-name" "can_interface" "--output-file" "/home/jetpack/SEAME-Cluster-24-25/JetRacer/build/can_interface/ament_cmake_gmock/can_interface_test.txt" "--command" "/home/jetpack/SEAME-Cluster-24-25/JetRacer/build/can_interface/can_interface_test" "--gtest_output=xml:/home/jetpack/SEAME-Cluster-24-25/JetRacer/build/can_interface/test_results/can_interface/can_interface_test.gtest.xml"
[0.322s] 1: Working Directory: /home/jetpack/SEAME-Cluster-24-25/JetRacer/build/can_interface
[0.323s] 1: Test timeout computed to be: 60
[0.635s] 1: -- run_test.py: invoking following command in '/home/jetpack/SEAME-Cluster-24-25/JetRacer/build/can_interface':
[0.640s] 1:  - /home/jetpack/SEAME-Cluster-24-25/JetRacer/build/can_interface/can_interface_test --gtest_output=xml:/home/jetpack/SEAME-Cluster-24-25/JetRacer/build/can_interface/test_results/can_interface/can_interface_test.gtest.xml
[0.711s] 1: Running main() from gmock_main.cc
[0.712s] 1: [==========] Running 3 tests from 1 test suite.
[0.712s] 1: [----------] Global test environment set-up.
[0.713s] 1: [----------] 3 tests from CanInterfaceTest
[0.713s] 1: [ RUN      ] CanInterfaceTest.readSuccess
[0.837s] 1: [INFO] [1736181537.505542531] [can_interface]: Mock driver received!
[0.842s] 1: [INFO] [1736181537.510552826] [can_interface]: Starting CAN bus interface
[0.872s] 1: [       OK ] CanInterfaceTest.readSuccess (162 ms)
[0.873s] 1: [ RUN      ] CanInterfaceTest.readFailure
[0.915s] 1: [INFO] [1736181537.584258790] [can_interface]: Mock driver received!
[0.919s] 1: [INFO] [1736181537.587313108] [can_interface]: Starting CAN bus interface
[0.925s] 1: [ERROR] [1736181537.593125653] [can_interface]: Fail reading can bus, request timed out
[0.942s] 1: [       OK ] CanInterfaceTest.readFailure (68 ms)
[0.943s] 1: [ RUN      ] CanInterfaceTest.writeFailure
[0.969s] 1: [INFO] [1736181537.637995369] [can_interface]: Mock driver received!
[0.971s] 1: [INFO] [1736181537.639694127] [can_interface]: Starting CAN bus interface
[0.973s] 1: [ERROR] [1736181537.642454559] [can_interface]: Fail writing data: std::exception
[0.984s] 1: [       OK ] CanInterfaceTest.writeFailure (41 ms)
[0.985s] 1: [----------] 3 tests from CanInterfaceTest (274 ms total)
[0.985s] 1: 
[0.986s] 1: [----------] Global test environment tear-down
[0.986s] 1: [==========] 3 tests from 1 test suite ran. (275 ms total)
[0.986s] 1: [  PASSED  ] 3 tests.
[1.098s] 1: -- run_test.py: return code 0
[1.098s] 1: -- run_test.py: inject classname prefix into gtest result file '/home/jetpack/SEAME-Cluster-24-25/JetRacer/build/can_interface/test_results/can_interface/can_interface_test.gtest.xml'
[1.099s] 1: -- run_test.py: verify result file '/home/jetpack/SEAME-Cluster-24-25/JetRacer/build/can_interface/test_results/can_interface/can_interface_test.gtest.xml'
[1.169s] 1/1 Test #1: can_interface_test ...............   Passed    0.85 sec
[1.169s] 
[1.170s] [0;32m100% tests passed[0;0m, 0 tests failed[0;0m out of 1
[1.170s] 
[1.171s] Label Time Summary:
[1.172s] gmock    =   0.85 sec*proc (1 test)
[1.175s] 
[1.176s] Total Test time (real) =   0.86 sec
[1.177s] Invoked command in '/home/jetpack/SEAME-Cluster-24-25/JetRacer/build/can_interface' returned '0': CMAKE_PREFIX_PATH=/home/jetpack/SEAME-Cluster-24-25/JetRacer/install/can_interface:/home/jetpack/SEAME-Cluster-24-25/JetRacer/install/custom_msgs:/home/jetpack/SEAME-Cluster-24-25/JetRacer/install/teleop:/home/jetpack/SEAME-Cluster-24-25/JetRacer/install/oled_display:/home/jetpack/SEAME-Cluster-24-25/JetRacer/install/ssd1306_driver:/home/jetpack/SEAME-Cluster-24-25/JetRacer/install/speed_sensor:/home/jetpack/SEAME-Cluster-24-25/JetRacer/install/servo_motor:/home/jetpack/SEAME-Cluster-24-25/JetRacer/install/dc_motors:/home/jetpack/SEAME-Cluster-24-25/JetRacer/install/pca9685_driver:/home/jetpack/SEAME-Cluster-24-25/JetRacer/install/battery:/home/jetpack/SEAME-Cluster-24-25/JetRacer/install/ina219_driver:/home/jetpack/SEAME-Cluster-24-25/JetRacer/install/i2c_peripheral_stress_test:/home/jetpack/SEAME-Cluster-24-25/JetRacer/install/i2c_interface:/home/jetpack/SEAME-Cluster-24-25/JetRacer/install/display_routine:/home/jetpack/SEAME-Cluster-24-25/JetRacer/install/blinkers:/home/jetpack/SEAME-Cluster-24-25/JetRacer/install/abstract_driver:/home/jetpack/SEAME-Cluster-24-25/JetRacer/install/camera_ros:/opt/ros/jazzy/opt/gz_math_vendor:/opt/ros/jazzy/opt/gz_utils_vendor:/opt/ros/jazzy/opt/gz_cmake_vendor LD_LIBRARY_PATH=/home/jetpack/SEAME-Cluster-24-25/JetRacer/install/can_interface/lib:/home/jetpack/SEAME-Cluster-24-25/JetRacer/install/custom_msgs/lib:/home/jetpack/SEAME-Cluster-24-25/JetRacer/install/ssd1306_driver/lib:/home/jetpack/SEAME-Cluster-24-25/JetRacer/install/abstract_driver/lib:/home/jetpack/SEAME-Cluster-24-25/JetRacer/install/camera_ros/lib:/usr/local/lib/aarch64-linux-gnu/libcamera/:/home/jetpack/ros2_v4l2/install/zstd_image_transport/lib:/home/jetpack/ros2_v4l2/install/v4l2_camera/lib:/home/jetpack/ros2_v4l2/install/theora_image_transport/lib:/home/jetpack/ros2_v4l2/install/compressed_image_transport/lib:/home/jetpack/ros2_v4l2/install/compressed_depth_image_transport/lib:/home/jetpack/ros2_v4l2/install/image_transport/lib:/home/jetpack/ros2_v4l2/install/cv_bridge/lib:/home/jetpack/ros2_v4l2/install/camera_info_manager/lib:/home/jetpack/ros2_v4l2/install/camera_calibration_parsers/lib:/usr/local/lib/aarch64-linux-gnu:/usr/local/lib/aarch64-linux-gnu:/home/jetpack/SEAME-Cluster-24-25/JetRacer/install/pca9685_driver/lib:/usr/local/lib/aarch64-linux-gnu:/home/jetpack/SEAME-Cluster-24-25/JetRacer/install/ina219_driver/lib:/usr/local/lib/aarch64-linux-gnu:/usr/local/lib/aarch64-linux-gnu:/usr/local/lib/aarch64-linux-gnu:/opt/ros/jazzy/opt/rviz_ogre_vendor/lib:/usr/local/lib/aarch64-linux-gnu:/opt/ros/jazzy/lib/aarch64-linux-gnu:/usr/local/lib/aarch64-linux-gnu:/opt/ros/jazzy/opt/gz_math_vendor/lib:/usr/local/lib/aarch64-linux-gnu:/opt/ros/jazzy/opt/gz_utils_vendor/lib:/usr/local/lib/aarch64-linux-gnu:/opt/ros/jazzy/opt/gz_cmake_vendor/lib:/usr/local/lib/aarch64-linux-gnu:/opt/ros/jazzy/lib:/usr/local/lib/aarch64-linux-gnu /usr/bin/ctest -C Release -D ExperimentalTest --no-compress-output -V --force-new-ctest-process tests
