[0.235s] Invoking command in '/home/jetpack/SEAME-Cluster-24-25/JetRacer/build/can_interface': CMAKE_PREFIX_PATH=/home/jetpack/SEAME-Cluster-24-25/JetRacer/install/can_interface:/home/jetpack/SEAME-Cluster-24-25/JetRacer/install/custom_msgs:/home/jetpack/SEAME-Cluster-24-25/JetRacer/install/teleop:/home/jetpack/SEAME-Cluster-24-25/JetRacer/install/oled_display:/home/jetpack/SEAME-Cluster-24-25/JetRacer/install/ssd1306_driver:/home/jetpack/SEAME-Cluster-24-25/JetRacer/install/speed_sensor:/home/jetpack/SEAME-Cluster-24-25/JetRacer/install/servo_motor:/home/jetpack/SEAME-Cluster-24-25/JetRacer/install/dc_motors:/home/jetpack/SEAME-Cluster-24-25/JetRacer/install/pca9685_driver:/home/jetpack/SEAME-Cluster-24-25/JetRacer/install/battery:/home/jetpack/SEAME-Cluster-24-25/JetRacer/install/ina219_driver:/home/jetpack/SEAME-Cluster-24-25/JetRacer/install/i2c_peripheral_stress_test:/home/jetpack/SEAME-Cluster-24-25/JetRacer/install/i2c_interface:/home/jetpack/SEAME-Cluster-24-25/JetRacer/install/display_routine:/home/jetpack/SEAME-Cluster-24-25/JetRacer/install/blinkers:/home/jetpack/SEAME-Cluster-24-25/JetRacer/install/abstract_driver:/home/jetpack/SEAME-Cluster-24-25/JetRacer/install/camera_ros:/opt/ros/jazzy/opt/gz_math_vendor:/opt/ros/jazzy/opt/gz_utils_vendor:/opt/ros/jazzy/opt/gz_cmake_vendor LD_LIBRARY_PATH=/home/jetpack/SEAME-Cluster-24-25/JetRacer/install/can_interface/lib:/home/jetpack/SEAME-Cluster-24-25/JetRacer/install/custom_msgs/lib:/home/jetpack/SEAME-Cluster-24-25/JetRacer/install/ssd1306_driver/lib:/home/jetpack/SEAME-Cluster-24-25/JetRacer/install/abstract_driver/lib:/home/jetpack/SEAME-Cluster-24-25/JetRacer/install/camera_ros/lib:/usr/local/lib/aarch64-linux-gnu/libcamera/:/home/jetpack/ros2_v4l2/install/zstd_image_transport/lib:/home/jetpack/ros2_v4l2/install/v4l2_camera/lib:/home/jetpack/ros2_v4l2/install/theora_image_transport/lib:/home/jetpack/ros2_v4l2/install/compressed_image_transport/lib:/home/jetpack/ros2_v4l2/install/compressed_depth_image_transport/lib:/home/jetpack/ros2_v4l2/install/image_transport/lib:/home/jetpack/ros2_v4l2/install/cv_bridge/lib:/home/jetpack/ros2_v4l2/install/camera_info_manager/lib:/home/jetpack/ros2_v4l2/install/camera_calibration_parsers/lib:/usr/local/lib/aarch64-linux-gnu:/usr/local/lib/aarch64-linux-gnu:/home/jetpack/SEAME-Cluster-24-25/JetRacer/install/pca9685_driver/lib:/usr/local/lib/aarch64-linux-gnu:/home/jetpack/SEAME-Cluster-24-25/JetRacer/install/ina219_driver/lib:/usr/local/lib/aarch64-linux-gnu:/usr/local/lib/aarch64-linux-gnu:/usr/local/lib/aarch64-linux-gnu:/opt/ros/jazzy/opt/rviz_ogre_vendor/lib:/usr/local/lib/aarch64-linux-gnu:/opt/ros/jazzy/lib/aarch64-linux-gnu:/usr/local/lib/aarch64-linux-gnu:/opt/ros/jazzy/opt/gz_math_vendor/lib:/usr/local/lib/aarch64-linux-gnu:/opt/ros/jazzy/opt/gz_utils_vendor/lib:/usr/local/lib/aarch64-linux-gnu:/opt/ros/jazzy/opt/gz_cmake_vendor/lib:/usr/local/lib/aarch64-linux-gnu:/opt/ros/jazzy/lib:/usr/local/lib/aarch64-linux-gnu /usr/bin/ctest -C Release -D ExperimentalTest --no-compress-output -V --force-new-ctest-process tests
[0.298s] UpdateCTestConfiguration  from :/home/jetpack/SEAME-Cluster-24-25/JetRacer/build/can_interface/CTestConfiguration.ini
[0.298s] Parse Config file:/home/jetpack/SEAME-Cluster-24-25/JetRacer/build/can_interface/CTestConfiguration.ini
[0.300s]    Site: jetpack-desktop
[0.301s]    Build name: (empty)
[0.301s]  Add coverage exclude regular expressions.
[0.305s] Create new tag: 20250106-1607 - Experimental
[0.305s] UpdateCTestConfiguration  from :/home/jetpack/SEAME-Cluster-24-25/JetRacer/build/can_interface/CTestConfiguration.ini
[0.306s] Parse Config file:/home/jetpack/SEAME-Cluster-24-25/JetRacer/build/can_interface/CTestConfiguration.ini
[0.307s] Test project /home/jetpack/SEAME-Cluster-24-25/JetRacer/build/can_interface
[0.307s] Constructing a list of tests
[0.310s] Done constructing a list of tests
[0.311s] Updating test list for fixtures
[0.311s] Added 0 tests to meet fixture requirements
[0.311s] Checking test dependency graph...
[0.314s] Checking test dependency graph end
[0.317s] test 1
[0.318s]     Start 1: can_interface_test
[0.318s] 
[0.319s] 1: Test command: /usr/bin/python3 "-u" "/opt/ros/jazzy/share/ament_cmake_test/cmake/run_test.py" "/home/jetpack/SEAME-Cluster-24-25/JetRacer/build/can_interface/test_results/can_interface/can_interface_test.gtest.xml" "--package-name" "can_interface" "--output-file" "/home/jetpack/SEAME-Cluster-24-25/JetRacer/build/can_interface/ament_cmake_gmock/can_interface_test.txt" "--command" "/home/jetpack/SEAME-Cluster-24-25/JetRacer/build/can_interface/can_interface_test" "--gtest_output=xml:/home/jetpack/SEAME-Cluster-24-25/JetRacer/build/can_interface/test_results/can_interface/can_interface_test.gtest.xml"
[0.319s] 1: Working Directory: /home/jetpack/SEAME-Cluster-24-25/JetRacer/build/can_interface
[0.319s] 1: Test timeout computed to be: 60
[0.629s] 1: -- run_test.py: invoking following command in '/home/jetpack/SEAME-Cluster-24-25/JetRacer/build/can_interface':
[0.630s] 1:  - /home/jetpack/SEAME-Cluster-24-25/JetRacer/build/can_interface/can_interface_test --gtest_output=xml:/home/jetpack/SEAME-Cluster-24-25/JetRacer/build/can_interface/test_results/can_interface/can_interface_test.gtest.xml
[0.717s] 1: Running main() from gmock_main.cc
[0.717s] 1: [==========] Running 2 tests from 1 test suite.
[0.718s] 1: [----------] Global test environment set-up.
[0.718s] 1: [----------] 2 tests from CanInterfaceTest
[0.722s] 1: [ RUN      ] CanInterfaceTest.readMessage
[0.844s] 1: [INFO] [1736179644.232079670] [can_interface]: Mock driver received!
[0.848s] 1: [INFO] [1736179644.236880298] [can_interface]: Starting CAN bus interface
[0.882s] 1: [       OK ] CanInterfaceTest.readMessage (164 ms)
[0.884s] 1: [ RUN      ] CanInterfaceTest.readIncomplete
[0.923s] 1: [INFO] [1736179644.312591034] [can_interface]: Mock driver received!
[0.928s] 1: [INFO] [1736179644.315290568] [can_interface]: Starting CAN bus interface
[0.930s] 1: /home/jetpack/SEAME-Cluster-24-25/JetRacer/src/bus_interfaces/can_interface/test/src/CanInterfaceTest.cpp:72: Failure
[0.930s] 1: Expected equality of these values:
[0.931s] 1:   response->success
[0.932s] 1:     Which is: true
[0.933s] 1:   false
[0.933s] 1: 
[0.947s] 1: [  FAILED  ] CanInterfaceTest.readIncomplete (65 ms)
[0.949s] 1: [----------] 2 tests from CanInterfaceTest (230 ms total)
[0.950s] 1: 
[0.951s] 1: [----------] Global test environment tear-down
[0.952s] 1: [==========] 2 tests from 1 test suite ran. (230 ms total)
[0.953s] 1: [  PASSED  ] 1 test.
[0.954s] 1: [  FAILED  ] 1 test, listed below:
[0.954s] 1: [  FAILED  ] CanInterfaceTest.readIncomplete
[0.954s] 1: 
[0.955s] 1:  1 FAILED TEST
[1.059s] 1: -- run_test.py: return code 1
[1.060s] 1: -- run_test.py: inject classname prefix into gtest result file '/home/jetpack/SEAME-Cluster-24-25/JetRacer/build/can_interface/test_results/can_interface/can_interface_test.gtest.xml'
[1.061s] 1: -- run_test.py: verify result file '/home/jetpack/SEAME-Cluster-24-25/JetRacer/build/can_interface/test_results/can_interface/can_interface_test.gtest.xml'
[1.123s] 1/1 Test #1: can_interface_test ...............***Failed    0.81 sec
[1.124s] 
[1.125s] 0% tests passed[0;0m, [0;31m1 tests failed[0;0m out of 1
[1.125s] 
[1.126s] Label Time Summary:
[1.126s] gmock    =   0.81 sec*proc (1 test)
[1.127s] 
[1.128s] Total Test time (real) =   0.82 sec
[1.129s] 
[1.129s] The following tests FAILED:
[1.130s] 	[0;31m  1 - can_interface_test (Failed)[0;0m
[1.131s] Errors while running CTest
[1.132s] Output from these tests are in: /home/jetpack/SEAME-Cluster-24-25/JetRacer/build/can_interface/Testing/Temporary/LastTest.log
[1.132s] Use "--rerun-failed --output-on-failure" to re-run the failed cases verbosely.
[1.135s] Invoked command in '/home/jetpack/SEAME-Cluster-24-25/JetRacer/build/can_interface' returned '8': CMAKE_PREFIX_PATH=/home/jetpack/SEAME-Cluster-24-25/JetRacer/install/can_interface:/home/jetpack/SEAME-Cluster-24-25/JetRacer/install/custom_msgs:/home/jetpack/SEAME-Cluster-24-25/JetRacer/install/teleop:/home/jetpack/SEAME-Cluster-24-25/JetRacer/install/oled_display:/home/jetpack/SEAME-Cluster-24-25/JetRacer/install/ssd1306_driver:/home/jetpack/SEAME-Cluster-24-25/JetRacer/install/speed_sensor:/home/jetpack/SEAME-Cluster-24-25/JetRacer/install/servo_motor:/home/jetpack/SEAME-Cluster-24-25/JetRacer/install/dc_motors:/home/jetpack/SEAME-Cluster-24-25/JetRacer/install/pca9685_driver:/home/jetpack/SEAME-Cluster-24-25/JetRacer/install/battery:/home/jetpack/SEAME-Cluster-24-25/JetRacer/install/ina219_driver:/home/jetpack/SEAME-Cluster-24-25/JetRacer/install/i2c_peripheral_stress_test:/home/jetpack/SEAME-Cluster-24-25/JetRacer/install/i2c_interface:/home/jetpack/SEAME-Cluster-24-25/JetRacer/install/display_routine:/home/jetpack/SEAME-Cluster-24-25/JetRacer/install/blinkers:/home/jetpack/SEAME-Cluster-24-25/JetRacer/install/abstract_driver:/home/jetpack/SEAME-Cluster-24-25/JetRacer/install/camera_ros:/opt/ros/jazzy/opt/gz_math_vendor:/opt/ros/jazzy/opt/gz_utils_vendor:/opt/ros/jazzy/opt/gz_cmake_vendor LD_LIBRARY_PATH=/home/jetpack/SEAME-Cluster-24-25/JetRacer/install/can_interface/lib:/home/jetpack/SEAME-Cluster-24-25/JetRacer/install/custom_msgs/lib:/home/jetpack/SEAME-Cluster-24-25/JetRacer/install/ssd1306_driver/lib:/home/jetpack/SEAME-Cluster-24-25/JetRacer/install/abstract_driver/lib:/home/jetpack/SEAME-Cluster-24-25/JetRacer/install/camera_ros/lib:/usr/local/lib/aarch64-linux-gnu/libcamera/:/home/jetpack/ros2_v4l2/install/zstd_image_transport/lib:/home/jetpack/ros2_v4l2/install/v4l2_camera/lib:/home/jetpack/ros2_v4l2/install/theora_image_transport/lib:/home/jetpack/ros2_v4l2/install/compressed_image_transport/lib:/home/jetpack/ros2_v4l2/install/compressed_depth_image_transport/lib:/home/jetpack/ros2_v4l2/install/image_transport/lib:/home/jetpack/ros2_v4l2/install/cv_bridge/lib:/home/jetpack/ros2_v4l2/install/camera_info_manager/lib:/home/jetpack/ros2_v4l2/install/camera_calibration_parsers/lib:/usr/local/lib/aarch64-linux-gnu:/usr/local/lib/aarch64-linux-gnu:/home/jetpack/SEAME-Cluster-24-25/JetRacer/install/pca9685_driver/lib:/usr/local/lib/aarch64-linux-gnu:/home/jetpack/SEAME-Cluster-24-25/JetRacer/install/ina219_driver/lib:/usr/local/lib/aarch64-linux-gnu:/usr/local/lib/aarch64-linux-gnu:/usr/local/lib/aarch64-linux-gnu:/opt/ros/jazzy/opt/rviz_ogre_vendor/lib:/usr/local/lib/aarch64-linux-gnu:/opt/ros/jazzy/lib/aarch64-linux-gnu:/usr/local/lib/aarch64-linux-gnu:/opt/ros/jazzy/opt/gz_math_vendor/lib:/usr/local/lib/aarch64-linux-gnu:/opt/ros/jazzy/opt/gz_utils_vendor/lib:/usr/local/lib/aarch64-linux-gnu:/opt/ros/jazzy/opt/gz_cmake_vendor/lib:/usr/local/lib/aarch64-linux-gnu:/opt/ros/jazzy/lib:/usr/local/lib/aarch64-linux-gnu /usr/bin/ctest -C Release -D ExperimentalTest --no-compress-output -V --force-new-ctest-process tests
