Start testing: Jan 06 16:07 WET
----------------------------------------------------------
1/1 Testing: can_interface_test
1/1 Test: can_interface_test
Command: "/usr/bin/python3" "-u" "/opt/ros/jazzy/share/ament_cmake_test/cmake/run_test.py" "/home/jetpack/SEAME-Cluster-24-25/JetRacer/build/can_interface/test_results/can_interface/can_interface_test.gtest.xml" "--package-name" "can_interface" "--output-file" "/home/jetpack/SEAME-Cluster-24-25/JetRacer/build/can_interface/ament_cmake_gmock/can_interface_test.txt" "--command" "/home/jetpack/SEAME-Cluster-24-25/JetRacer/build/can_interface/can_interface_test" "--gtest_output=xml:/home/jetpack/SEAME-Cluster-24-25/JetRacer/build/can_interface/test_results/can_interface/can_interface_test.gtest.xml"
Directory: /home/jetpack/SEAME-Cluster-24-25/JetRacer/build/can_interface
"can_interface_test" start time: Jan 06 16:07 WET
Output:
----------------------------------------------------------
-- run_test.py: invoking following command in '/home/jetpack/SEAME-Cluster-24-25/JetRacer/build/can_interface':
 - /home/jetpack/SEAME-Cluster-24-25/JetRacer/build/can_interface/can_interface_test --gtest_output=xml:/home/jetpack/SEAME-Cluster-24-25/JetRacer/build/can_interface/test_results/can_interface/can_interface_test.gtest.xml
Running main() from gmock_main.cc
[==========] Running 2 tests from 1 test suite.
[----------] Global test environment set-up.
[----------] 2 tests from CanInterfaceTest
[ RUN      ] CanInterfaceTest.readMessage
[INFO] [1736179644.232079670] [can_interface]: Mock driver received!
[INFO] [1736179644.236880298] [can_interface]: Starting CAN bus interface
[       OK ] CanInterfaceTest.readMessage (164 ms)
[ RUN      ] CanInterfaceTest.readIncomplete
[INFO] [1736179644.312591034] [can_interface]: Mock driver received!
[INFO] [1736179644.315290568] [can_interface]: Starting CAN bus interface
/home/jetpack/SEAME-Cluster-24-25/JetRacer/src/bus_interfaces/can_interface/test/src/CanInterfaceTest.cpp:72: Failure
Expected equality of these values:
  response->success
    Which is: true
  false

[  FAILED  ] CanInterfaceTest.readIncomplete (65 ms)
[----------] 2 tests from CanInterfaceTest (230 ms total)

[----------] Global test environment tear-down
[==========] 2 tests from 1 test suite ran. (230 ms total)
[  PASSED  ] 1 test.
[  FAILED  ] 1 test, listed below:
[  FAILED  ] CanInterfaceTest.readIncomplete

 1 FAILED TEST
-- run_test.py: return code 1
-- run_test.py: inject classname prefix into gtest result file '/home/jetpack/SEAME-Cluster-24-25/JetRacer/build/can_interface/test_results/can_interface/can_interface_test.gtest.xml'
-- run_test.py: verify result file '/home/jetpack/SEAME-Cluster-24-25/JetRacer/build/can_interface/test_results/can_interface/can_interface_test.gtest.xml'
<end of output>
Test time =   0.81 sec
----------------------------------------------------------
Test Failed.
"can_interface_test" end time: Jan 06 16:07 WET
"can_interface_test" time elapsed: 00:00:00
----------------------------------------------------------

End testing: Jan 06 16:07 WET

gmock =   0.81 sec*proc

