[0.237s] Invoking command in '/home/jetpack/SEAME-Cluster-24-25/JetRacer/build/can_interface': CMAKE_PREFIX_PATH=/home/jetpack/SEAME-Cluster-24-25/JetRacer/install/can_interface:/home/jetpack/SEAME-Cluster-24-25/JetRacer/install/custom_msgs:/home/jetpack/SEAME-Cluster-24-25/JetRacer/install/teleop:/home/jetpack/SEAME-Cluster-24-25/JetRacer/install/oled_display:/home/jetpack/SEAME-Cluster-24-25/JetRacer/install/ssd1306_driver:/home/jetpack/SEAME-Cluster-24-25/JetRacer/install/speed_sensor:/home/jetpack/SEAME-Cluster-24-25/JetRacer/install/servo_motor:/home/jetpack/SEAME-Cluster-24-25/JetRacer/install/dc_motors:/home/jetpack/SEAME-Cluster-24-25/JetRacer/install/pca9685_driver:/home/jetpack/SEAME-Cluster-24-25/JetRacer/install/battery:/home/jetpack/SEAME-Cluster-24-25/JetRacer/install/ina219_driver:/home/jetpack/SEAME-Cluster-24-25/JetRacer/install/i2c_peripheral_stress_test:/home/jetpack/SEAME-Cluster-24-25/JetRacer/install/i2c_interface:/home/jetpack/SEAME-Cluster-24-25/JetRacer/install/display_routine:/home/jetpack/SEAME-Cluster-24-25/JetRacer/install/blinkers:/home/jetpack/SEAME-Cluster-24-25/JetRacer/install/abstract_driver:/home/jetpack/SEAME-Cluster-24-25/JetRacer/install/camera_ros:/opt/ros/jazzy/opt/gz_math_vendor:/opt/ros/jazzy/opt/gz_utils_vendor:/opt/ros/jazzy/opt/gz_cmake_vendor LD_LIBRARY_PATH=/home/jetpack/SEAME-Cluster-24-25/JetRacer/install/can_interface/lib:/home/jetpack/SEAME-Cluster-24-25/JetRacer/install/custom_msgs/lib:/home/jetpack/SEAME-Cluster-24-25/JetRacer/install/ssd1306_driver/lib:/home/jetpack/SEAME-Cluster-24-25/JetRacer/install/abstract_driver/lib:/home/jetpack/SEAME-Cluster-24-25/JetRacer/install/camera_ros/lib:/usr/local/lib/aarch64-linux-gnu/libcamera/:/home/jetpack/ros2_v4l2/install/zstd_image_transport/lib:/home/jetpack/ros2_v4l2/install/v4l2_camera/lib:/home/jetpack/ros2_v4l2/install/theora_image_transport/lib:/home/jetpack/ros2_v4l2/install/compressed_image_transport/lib:/home/jetpack/ros2_v4l2/install/compressed_depth_image_transport/lib:/home/jetpack/ros2_v4l2/install/image_transport/lib:/home/jetpack/ros2_v4l2/install/cv_bridge/lib:/home/jetpack/ros2_v4l2/install/camera_info_manager/lib:/home/jetpack/ros2_v4l2/install/camera_calibration_parsers/lib:/usr/local/lib/aarch64-linux-gnu:/usr/local/lib/aarch64-linux-gnu:/home/jetpack/SEAME-Cluster-24-25/JetRacer/install/pca9685_driver/lib:/usr/local/lib/aarch64-linux-gnu:/home/jetpack/SEAME-Cluster-24-25/JetRacer/install/ina219_driver/lib:/usr/local/lib/aarch64-linux-gnu:/usr/local/lib/aarch64-linux-gnu:/usr/local/lib/aarch64-linux-gnu:/opt/ros/jazzy/opt/rviz_ogre_vendor/lib:/usr/local/lib/aarch64-linux-gnu:/opt/ros/jazzy/lib/aarch64-linux-gnu:/usr/local/lib/aarch64-linux-gnu:/opt/ros/jazzy/opt/gz_math_vendor/lib:/usr/local/lib/aarch64-linux-gnu:/opt/ros/jazzy/opt/gz_utils_vendor/lib:/usr/local/lib/aarch64-linux-gnu:/opt/ros/jazzy/opt/gz_cmake_vendor/lib:/usr/local/lib/aarch64-linux-gnu:/opt/ros/jazzy/lib:/usr/local/lib/aarch64-linux-gnu /usr/bin/ctest -C Release -D ExperimentalTest --no-compress-output -V --force-new-ctest-process tests
[0.299s] UpdateCTestConfiguration  from :/home/jetpack/SEAME-Cluster-24-25/JetRacer/build/can_interface/CTestConfiguration.ini
[0.300s] Parse Config file:/home/jetpack/SEAME-Cluster-24-25/JetRacer/build/can_interface/CTestConfiguration.ini
[0.301s]    Site: jetpack-desktop
[0.302s]    Build name: (empty)
[0.303s]  Add coverage exclude regular expressions.
[0.304s] Create new tag: 20250106-1630 - Experimental
[0.307s] UpdateCTestConfiguration  from :/home/jetpack/SEAME-Cluster-24-25/JetRacer/build/can_interface/CTestConfiguration.ini
[0.308s] Parse Config file:/home/jetpack/SEAME-Cluster-24-25/JetRacer/build/can_interface/CTestConfiguration.ini
[0.309s] Test project /home/jetpack/SEAME-Cluster-24-25/JetRacer/build/can_interface
[0.310s] Constructing a list of tests
[0.310s] Done constructing a list of tests
[0.311s] Updating test list for fixtures
[0.311s] Added 0 tests to meet fixture requirements
[0.312s] Checking test dependency graph...
[0.312s] Checking test dependency graph end
[0.313s] test 1
[0.313s]     Start 1: can_interface_test
[0.314s] 
[0.314s] 1: Test command: /usr/bin/python3 "-u" "/opt/ros/jazzy/share/ament_cmake_test/cmake/run_test.py" "/home/jetpack/SEAME-Cluster-24-25/JetRacer/build/can_interface/test_results/can_interface/can_interface_test.gtest.xml" "--package-name" "can_interface" "--output-file" "/home/jetpack/SEAME-Cluster-24-25/JetRacer/build/can_interface/ament_cmake_gmock/can_interface_test.txt" "--command" "/home/jetpack/SEAME-Cluster-24-25/JetRacer/build/can_interface/can_interface_test" "--gtest_output=xml:/home/jetpack/SEAME-Cluster-24-25/JetRacer/build/can_interface/test_results/can_interface/can_interface_test.gtest.xml"
[0.318s] 1: Working Directory: /home/jetpack/SEAME-Cluster-24-25/JetRacer/build/can_interface
[0.321s] 1: Test timeout computed to be: 60
[0.625s] 1: -- run_test.py: invoking following command in '/home/jetpack/SEAME-Cluster-24-25/JetRacer/build/can_interface':
[0.625s] 1:  - /home/jetpack/SEAME-Cluster-24-25/JetRacer/build/can_interface/can_interface_test --gtest_output=xml:/home/jetpack/SEAME-Cluster-24-25/JetRacer/build/can_interface/test_results/can_interface/can_interface_test.gtest.xml
[0.716s] 1: Running main() from gmock_main.cc
[0.717s] 1: [==========] Running 3 tests from 1 test suite.
[0.717s] 1: [----------] Global test environment set-up.
[0.718s] 1: [----------] 3 tests from CanInterfaceTest
[0.720s] 1: [ RUN      ] CanInterfaceTest.readSuccess
[0.836s] 1: [INFO] [1736181027.885001355] [can_interface]: Mock driver received!
[0.837s] 1: [INFO] [1736181027.889359121] [can_interface]: Starting CAN bus interface
[0.865s] 1: [       OK ] CanInterfaceTest.readSuccess (150 ms)
[0.867s] 1: [ RUN      ] CanInterfaceTest.readFailure
[0.909s] 1: [INFO] [1736181027.959362209] [can_interface]: Mock driver received!
[0.911s] 1: [INFO] [1736181027.963250706] [can_interface]: Starting CAN bus interface
[0.917s] 1: [ERROR] [1736181027.969219031] [can_interface]: Fail reading can bus, request timed out
[0.944s] 1: [       OK ] CanInterfaceTest.readFailure (78 ms)
[0.945s] 1: [ RUN      ] CanInterfaceTest.writeFailure
[0.977s] 1: [INFO] [1736181028.027930401] [can_interface]: Mock driver received!
[0.978s] 1: [INFO] [1736181028.029939453] [can_interface]: Starting CAN bus interface
[0.983s] 1: [ERROR] [1736181028.033296183] [can_interface]: Fail writing data: std::exception
[0.995s] 1: [       OK ] CanInterfaceTest.writeFailure (51 ms)
[0.997s] 1: [----------] 3 tests from CanInterfaceTest (281 ms total)
[0.997s] 1: 
[0.997s] 1: [----------] Global test environment tear-down
[0.998s] 1: [==========] 3 tests from 1 test suite ran. (281 ms total)
[0.998s] 1: [  PASSED  ] 3 tests.
[1.132s] 1: -- run_test.py: return code 0
[1.133s] 1: -- run_test.py: inject classname prefix into gtest result file '/home/jetpack/SEAME-Cluster-24-25/JetRacer/build/can_interface/test_results/can_interface/can_interface_test.gtest.xml'
[1.134s] 1: -- run_test.py: verify result file '/home/jetpack/SEAME-Cluster-24-25/JetRacer/build/can_interface/test_results/can_interface/can_interface_test.gtest.xml'
[1.178s] 1/1 Test #1: can_interface_test ...............   Passed    0.87 sec
[1.188s] 
[1.189s] [0;32m100% tests passed[0;0m, 0 tests failed[0;0m out of 1
[1.190s] 
[1.191s] Label Time Summary:
[1.192s] gmock    =   0.87 sec*proc (1 test)
[1.192s] 
[1.193s] Total Test time (real) =   0.88 sec
[1.193s] Invoked command in '/home/jetpack/SEAME-Cluster-24-25/JetRacer/build/can_interface' returned '0': CMAKE_PREFIX_PATH=/home/jetpack/SEAME-Cluster-24-25/JetRacer/install/can_interface:/home/jetpack/SEAME-Cluster-24-25/JetRacer/install/custom_msgs:/home/jetpack/SEAME-Cluster-24-25/JetRacer/install/teleop:/home/jetpack/SEAME-Cluster-24-25/JetRacer/install/oled_display:/home/jetpack/SEAME-Cluster-24-25/JetRacer/install/ssd1306_driver:/home/jetpack/SEAME-Cluster-24-25/JetRacer/install/speed_sensor:/home/jetpack/SEAME-Cluster-24-25/JetRacer/install/servo_motor:/home/jetpack/SEAME-Cluster-24-25/JetRacer/install/dc_motors:/home/jetpack/SEAME-Cluster-24-25/JetRacer/install/pca9685_driver:/home/jetpack/SEAME-Cluster-24-25/JetRacer/install/battery:/home/jetpack/SEAME-Cluster-24-25/JetRacer/install/ina219_driver:/home/jetpack/SEAME-Cluster-24-25/JetRacer/install/i2c_peripheral_stress_test:/home/jetpack/SEAME-Cluster-24-25/JetRacer/install/i2c_interface:/home/jetpack/SEAME-Cluster-24-25/JetRacer/install/display_routine:/home/jetpack/SEAME-Cluster-24-25/JetRacer/install/blinkers:/home/jetpack/SEAME-Cluster-24-25/JetRacer/install/abstract_driver:/home/jetpack/SEAME-Cluster-24-25/JetRacer/install/camera_ros:/opt/ros/jazzy/opt/gz_math_vendor:/opt/ros/jazzy/opt/gz_utils_vendor:/opt/ros/jazzy/opt/gz_cmake_vendor LD_LIBRARY_PATH=/home/jetpack/SEAME-Cluster-24-25/JetRacer/install/can_interface/lib:/home/jetpack/SEAME-Cluster-24-25/JetRacer/install/custom_msgs/lib:/home/jetpack/SEAME-Cluster-24-25/JetRacer/install/ssd1306_driver/lib:/home/jetpack/SEAME-Cluster-24-25/JetRacer/install/abstract_driver/lib:/home/jetpack/SEAME-Cluster-24-25/JetRacer/install/camera_ros/lib:/usr/local/lib/aarch64-linux-gnu/libcamera/:/home/jetpack/ros2_v4l2/install/zstd_image_transport/lib:/home/jetpack/ros2_v4l2/install/v4l2_camera/lib:/home/jetpack/ros2_v4l2/install/theora_image_transport/lib:/home/jetpack/ros2_v4l2/install/compressed_image_transport/lib:/home/jetpack/ros2_v4l2/install/compressed_depth_image_transport/lib:/home/jetpack/ros2_v4l2/install/image_transport/lib:/home/jetpack/ros2_v4l2/install/cv_bridge/lib:/home/jetpack/ros2_v4l2/install/camera_info_manager/lib:/home/jetpack/ros2_v4l2/install/camera_calibration_parsers/lib:/usr/local/lib/aarch64-linux-gnu:/usr/local/lib/aarch64-linux-gnu:/home/jetpack/SEAME-Cluster-24-25/JetRacer/install/pca9685_driver/lib:/usr/local/lib/aarch64-linux-gnu:/home/jetpack/SEAME-Cluster-24-25/JetRacer/install/ina219_driver/lib:/usr/local/lib/aarch64-linux-gnu:/usr/local/lib/aarch64-linux-gnu:/usr/local/lib/aarch64-linux-gnu:/opt/ros/jazzy/opt/rviz_ogre_vendor/lib:/usr/local/lib/aarch64-linux-gnu:/opt/ros/jazzy/lib/aarch64-linux-gnu:/usr/local/lib/aarch64-linux-gnu:/opt/ros/jazzy/opt/gz_math_vendor/lib:/usr/local/lib/aarch64-linux-gnu:/opt/ros/jazzy/opt/gz_utils_vendor/lib:/usr/local/lib/aarch64-linux-gnu:/opt/ros/jazzy/opt/gz_cmake_vendor/lib:/usr/local/lib/aarch64-linux-gnu:/opt/ros/jazzy/lib:/usr/local/lib/aarch64-linux-gnu /usr/bin/ctest -C Release -D ExperimentalTest --no-compress-output -V --force-new-ctest-process tests
