[0.242s] Invoking command in '/home/jetpack/SEAME-Cluster-24-25/JetRacer/build/can_interface': CMAKE_PREFIX_PATH=/home/jetpack/SEAME-Cluster-24-25/JetRacer/install/can_interface:/home/jetpack/SEAME-Cluster-24-25/JetRacer/install/custom_msgs:/home/jetpack/SEAME-Cluster-24-25/JetRacer/install/teleop:/home/jetpack/SEAME-Cluster-24-25/JetRacer/install/oled_display:/home/jetpack/SEAME-Cluster-24-25/JetRacer/install/ssd1306_driver:/home/jetpack/SEAME-Cluster-24-25/JetRacer/install/speed_sensor:/home/jetpack/SEAME-Cluster-24-25/JetRacer/install/servo_motor:/home/jetpack/SEAME-Cluster-24-25/JetRacer/install/dc_motors:/home/jetpack/SEAME-Cluster-24-25/JetRacer/install/pca9685_driver:/home/jetpack/SEAME-Cluster-24-25/JetRacer/install/battery:/home/jetpack/SEAME-Cluster-24-25/JetRacer/install/ina219_driver:/home/jetpack/SEAME-Cluster-24-25/JetRacer/install/i2c_peripheral_stress_test:/home/jetpack/SEAME-Cluster-24-25/JetRacer/install/i2c_interface:/home/jetpack/SEAME-Cluster-24-25/JetRacer/install/display_routine:/home/jetpack/SEAME-Cluster-24-25/JetRacer/install/blinkers:/home/jetpack/SEAME-Cluster-24-25/JetRacer/install/abstract_driver:/home/jetpack/SEAME-Cluster-24-25/JetRacer/install/camera_ros:/opt/ros/jazzy/opt/gz_math_vendor:/opt/ros/jazzy/opt/gz_utils_vendor:/opt/ros/jazzy/opt/gz_cmake_vendor LD_LIBRARY_PATH=/home/jetpack/SEAME-Cluster-24-25/JetRacer/install/can_interface/lib:/home/jetpack/SEAME-Cluster-24-25/JetRacer/install/custom_msgs/lib:/home/jetpack/SEAME-Cluster-24-25/JetRacer/install/ssd1306_driver/lib:/home/jetpack/SEAME-Cluster-24-25/JetRacer/install/abstract_driver/lib:/home/jetpack/SEAME-Cluster-24-25/JetRacer/install/camera_ros/lib:/usr/local/lib/aarch64-linux-gnu/libcamera/:/home/jetpack/ros2_v4l2/install/zstd_image_transport/lib:/home/jetpack/ros2_v4l2/install/v4l2_camera/lib:/home/jetpack/ros2_v4l2/install/theora_image_transport/lib:/home/jetpack/ros2_v4l2/install/compressed_image_transport/lib:/home/jetpack/ros2_v4l2/install/compressed_depth_image_transport/lib:/home/jetpack/ros2_v4l2/install/image_transport/lib:/home/jetpack/ros2_v4l2/install/cv_bridge/lib:/home/jetpack/ros2_v4l2/install/camera_info_manager/lib:/home/jetpack/ros2_v4l2/install/camera_calibration_parsers/lib:/usr/local/lib/aarch64-linux-gnu:/usr/local/lib/aarch64-linux-gnu:/home/jetpack/SEAME-Cluster-24-25/JetRacer/install/pca9685_driver/lib:/usr/local/lib/aarch64-linux-gnu:/home/jetpack/SEAME-Cluster-24-25/JetRacer/install/ina219_driver/lib:/usr/local/lib/aarch64-linux-gnu:/usr/local/lib/aarch64-linux-gnu:/usr/local/lib/aarch64-linux-gnu:/opt/ros/jazzy/opt/rviz_ogre_vendor/lib:/usr/local/lib/aarch64-linux-gnu:/opt/ros/jazzy/lib/aarch64-linux-gnu:/usr/local/lib/aarch64-linux-gnu:/opt/ros/jazzy/opt/gz_math_vendor/lib:/usr/local/lib/aarch64-linux-gnu:/opt/ros/jazzy/opt/gz_utils_vendor/lib:/usr/local/lib/aarch64-linux-gnu:/opt/ros/jazzy/opt/gz_cmake_vendor/lib:/usr/local/lib/aarch64-linux-gnu:/opt/ros/jazzy/lib:/usr/local/lib/aarch64-linux-gnu /usr/bin/ctest -C Release -D ExperimentalTest --no-compress-output -V --force-new-ctest-process tests
[0.298s] UpdateCTestConfiguration  from :/home/jetpack/SEAME-Cluster-24-25/JetRacer/build/can_interface/CTestConfiguration.ini
[0.299s] Parse Config file:/home/jetpack/SEAME-Cluster-24-25/JetRacer/build/can_interface/CTestConfiguration.ini
[0.299s]    Site: jetpack-desktop
[0.300s]    Build name: (empty)
[0.301s]  Add coverage exclude regular expressions.
[0.304s] Create new tag: 20250106-1609 - Experimental
[0.306s] UpdateCTestConfiguration  from :/home/jetpack/SEAME-Cluster-24-25/JetRacer/build/can_interface/CTestConfiguration.ini
[0.307s] Parse Config file:/home/jetpack/SEAME-Cluster-24-25/JetRacer/build/can_interface/CTestConfiguration.ini
[0.308s] Test project /home/jetpack/SEAME-Cluster-24-25/JetRacer/build/can_interface
[0.308s] Constructing a list of tests
[0.312s] Done constructing a list of tests
[0.313s] Updating test list for fixtures
[0.313s] Added 0 tests to meet fixture requirements
[0.314s] Checking test dependency graph...
[0.314s] Checking test dependency graph end
[0.315s] test 1
[0.315s]     Start 1: can_interface_test
[0.316s] 
[0.316s] 1: Test command: /usr/bin/python3 "-u" "/opt/ros/jazzy/share/ament_cmake_test/cmake/run_test.py" "/home/jetpack/SEAME-Cluster-24-25/JetRacer/build/can_interface/test_results/can_interface/can_interface_test.gtest.xml" "--package-name" "can_interface" "--output-file" "/home/jetpack/SEAME-Cluster-24-25/JetRacer/build/can_interface/ament_cmake_gmock/can_interface_test.txt" "--command" "/home/jetpack/SEAME-Cluster-24-25/JetRacer/build/can_interface/can_interface_test" "--gtest_output=xml:/home/jetpack/SEAME-Cluster-24-25/JetRacer/build/can_interface/test_results/can_interface/can_interface_test.gtest.xml"
[0.321s] 1: Working Directory: /home/jetpack/SEAME-Cluster-24-25/JetRacer/build/can_interface
[0.321s] 1: Test timeout computed to be: 60
[0.625s] 1: -- run_test.py: invoking following command in '/home/jetpack/SEAME-Cluster-24-25/JetRacer/build/can_interface':
[0.625s] 1:  - /home/jetpack/SEAME-Cluster-24-25/JetRacer/build/can_interface/can_interface_test --gtest_output=xml:/home/jetpack/SEAME-Cluster-24-25/JetRacer/build/can_interface/test_results/can_interface/can_interface_test.gtest.xml
[0.700s] 1: Running main() from gmock_main.cc
[0.701s] 1: [==========] Running 2 tests from 1 test suite.
[0.702s] 1: [----------] Global test environment set-up.
[0.702s] 1: [----------] 2 tests from CanInterfaceTest
[0.703s] 1: [ RUN      ] CanInterfaceTest.readMessage
[0.826s] 1: [INFO] [1736179783.146960153] [can_interface]: Mock driver received!
[0.833s] 1: [INFO] [1736179783.150792423] [can_interface]: Starting CAN bus interface
[0.854s] 1: [       OK ] CanInterfaceTest.readMessage (153 ms)
[0.855s] 1: [ RUN      ] CanInterfaceTest.readIncomplete
[0.905s] 1: [INFO] [1736179783.222959166] [can_interface]: Mock driver received!
[0.905s] 1: [INFO] [1736179783.226042978] [can_interface]: Starting CAN bus interface
[0.913s] 1: /home/jetpack/SEAME-Cluster-24-25/JetRacer/src/bus_interfaces/can_interface/test/src/CanInterfaceTest.cpp:72: Failure
[0.913s] 1: Expected equality of these values:
[0.917s] 1:   response->success
[0.918s] 1:     Which is: true
[0.922s] 1:   false
[0.923s] 1: 
[0.933s] 1: [  FAILED  ] CanInterfaceTest.readIncomplete (74 ms)
[0.935s] 1: [----------] 2 tests from CanInterfaceTest (230 ms total)
[0.935s] 1: 
[0.936s] 1: [----------] Global test environment tear-down
[0.936s] 1: [==========] 2 tests from 1 test suite ran. (231 ms total)
[0.936s] 1: [  PASSED  ] 1 test.
[0.937s] 1: [  FAILED  ] 1 test, listed below:
[0.937s] 1: [  FAILED  ] CanInterfaceTest.readIncomplete
[0.938s] 1: 
[0.938s] 1:  1 FAILED TEST
[1.045s] 1: -- run_test.py: return code 1
[1.046s] 1: -- run_test.py: inject classname prefix into gtest result file '/home/jetpack/SEAME-Cluster-24-25/JetRacer/build/can_interface/test_results/can_interface/can_interface_test.gtest.xml'
[1.047s] 1: -- run_test.py: verify result file '/home/jetpack/SEAME-Cluster-24-25/JetRacer/build/can_interface/test_results/can_interface/can_interface_test.gtest.xml'
[1.114s] 1/1 Test #1: can_interface_test ...............***Failed    0.81 sec
[1.115s] 
[1.115s] 0% tests passed[0;0m, [0;31m1 tests failed[0;0m out of 1
[1.116s] 
[1.118s] Label Time Summary:
[1.118s] gmock    =   0.81 sec*proc (1 test)
[1.119s] 
[1.120s] Total Test time (real) =   0.81 sec
[1.120s] 
[1.122s] The following tests FAILED:
[1.124s] 	[0;31m  1 - can_interface_test (Failed)[0;0m
[1.124s] Errors while running CTest
[1.125s] Output from these tests are in: /home/jetpack/SEAME-Cluster-24-25/JetRacer/build/can_interface/Testing/Temporary/LastTest.log
[1.125s] Use "--rerun-failed --output-on-failure" to re-run the failed cases verbosely.
[1.127s] Invoked command in '/home/jetpack/SEAME-Cluster-24-25/JetRacer/build/can_interface' returned '8': CMAKE_PREFIX_PATH=/home/jetpack/SEAME-Cluster-24-25/JetRacer/install/can_interface:/home/jetpack/SEAME-Cluster-24-25/JetRacer/install/custom_msgs:/home/jetpack/SEAME-Cluster-24-25/JetRacer/install/teleop:/home/jetpack/SEAME-Cluster-24-25/JetRacer/install/oled_display:/home/jetpack/SEAME-Cluster-24-25/JetRacer/install/ssd1306_driver:/home/jetpack/SEAME-Cluster-24-25/JetRacer/install/speed_sensor:/home/jetpack/SEAME-Cluster-24-25/JetRacer/install/servo_motor:/home/jetpack/SEAME-Cluster-24-25/JetRacer/install/dc_motors:/home/jetpack/SEAME-Cluster-24-25/JetRacer/install/pca9685_driver:/home/jetpack/SEAME-Cluster-24-25/JetRacer/install/battery:/home/jetpack/SEAME-Cluster-24-25/JetRacer/install/ina219_driver:/home/jetpack/SEAME-Cluster-24-25/JetRacer/install/i2c_peripheral_stress_test:/home/jetpack/SEAME-Cluster-24-25/JetRacer/install/i2c_interface:/home/jetpack/SEAME-Cluster-24-25/JetRacer/install/display_routine:/home/jetpack/SEAME-Cluster-24-25/JetRacer/install/blinkers:/home/jetpack/SEAME-Cluster-24-25/JetRacer/install/abstract_driver:/home/jetpack/SEAME-Cluster-24-25/JetRacer/install/camera_ros:/opt/ros/jazzy/opt/gz_math_vendor:/opt/ros/jazzy/opt/gz_utils_vendor:/opt/ros/jazzy/opt/gz_cmake_vendor LD_LIBRARY_PATH=/home/jetpack/SEAME-Cluster-24-25/JetRacer/install/can_interface/lib:/home/jetpack/SEAME-Cluster-24-25/JetRacer/install/custom_msgs/lib:/home/jetpack/SEAME-Cluster-24-25/JetRacer/install/ssd1306_driver/lib:/home/jetpack/SEAME-Cluster-24-25/JetRacer/install/abstract_driver/lib:/home/jetpack/SEAME-Cluster-24-25/JetRacer/install/camera_ros/lib:/usr/local/lib/aarch64-linux-gnu/libcamera/:/home/jetpack/ros2_v4l2/install/zstd_image_transport/lib:/home/jetpack/ros2_v4l2/install/v4l2_camera/lib:/home/jetpack/ros2_v4l2/install/theora_image_transport/lib:/home/jetpack/ros2_v4l2/install/compressed_image_transport/lib:/home/jetpack/ros2_v4l2/install/compressed_depth_image_transport/lib:/home/jetpack/ros2_v4l2/install/image_transport/lib:/home/jetpack/ros2_v4l2/install/cv_bridge/lib:/home/jetpack/ros2_v4l2/install/camera_info_manager/lib:/home/jetpack/ros2_v4l2/install/camera_calibration_parsers/lib:/usr/local/lib/aarch64-linux-gnu:/usr/local/lib/aarch64-linux-gnu:/home/jetpack/SEAME-Cluster-24-25/JetRacer/install/pca9685_driver/lib:/usr/local/lib/aarch64-linux-gnu:/home/jetpack/SEAME-Cluster-24-25/JetRacer/install/ina219_driver/lib:/usr/local/lib/aarch64-linux-gnu:/usr/local/lib/aarch64-linux-gnu:/usr/local/lib/aarch64-linux-gnu:/opt/ros/jazzy/opt/rviz_ogre_vendor/lib:/usr/local/lib/aarch64-linux-gnu:/opt/ros/jazzy/lib/aarch64-linux-gnu:/usr/local/lib/aarch64-linux-gnu:/opt/ros/jazzy/opt/gz_math_vendor/lib:/usr/local/lib/aarch64-linux-gnu:/opt/ros/jazzy/opt/gz_utils_vendor/lib:/usr/local/lib/aarch64-linux-gnu:/opt/ros/jazzy/opt/gz_cmake_vendor/lib:/usr/local/lib/aarch64-linux-gnu:/opt/ros/jazzy/lib:/usr/local/lib/aarch64-linux-gnu /usr/bin/ctest -C Release -D ExperimentalTest --no-compress-output -V --force-new-ctest-process tests
